  minesweeper.cpp
C:\Users\milena\source\repos\minesweeper\minesweeper.cpp(80,27): warning C4244: 'argument': conversion from 'int' to 'float', possible loss of data
C:\Users\milena\source\repos\minesweeper\minesweeper.cpp(86,25): warning C4244: 'argument': conversion from 'int' to 'float', possible loss of data
C:\Users\milena\source\repos\minesweeper\minesweeper.cpp(132,49): warning C4244: 'argument': conversion from 'T' to 'T', possible loss of data
          with
          [
              T=int
          ]
          and
          [
              T=float
          ]
C:\Users\milena\source\repos\minesweeper\minesweeper.cpp(132,36): warning C4244: 'argument': conversion from 'T' to 'T', possible loss of data
          with
          [
              T=int
          ]
          and
          [
              T=float
          ]
C:\Users\milena\source\repos\minesweeper\minesweeper.cpp(143,26): warning C4244: 'argument': conversion from 'int' to 'float', possible loss of data
C:\Users\milena\source\repos\minesweeper\minesweeper.cpp(144,28): warning C4244: 'argument': conversion from 'int' to 'float', possible loss of data
C:\Users\milena\source\repos\minesweeper\minesweeper.cpp(145,28): warning C4244: 'argument': conversion from 'int' to 'float', possible loss of data
C:\Users\milena\source\repos\minesweeper\minesweeper.cpp(246,39): warning C4244: 'argument': conversion from 'int' to 'float', possible loss of data
C:\Users\milena\source\repos\minesweeper\minesweeper.cpp(246,25): warning C4244: 'argument': conversion from 'int' to 'float', possible loss of data
C:\Users\milena\source\repos\minesweeper\minesweeper.cpp(274,71): warning C4244: 'argument': conversion from 'T' to 'T', possible loss of data
          with
          [
              T=int
          ]
          and
          [
              T=float
          ]
C:\Users\milena\source\repos\minesweeper\minesweeper.cpp(274,58): warning C4244: 'argument': conversion from 'T' to 'T', possible loss of data
          with
          [
              T=int
          ]
          and
          [
              T=float
          ]
C:\Users\milena\source\repos\minesweeper\minesweeper.cpp(308,49): warning C4244: 'argument': conversion from 'T' to 'T', possible loss of data
          with
          [
              T=int
          ]
          and
          [
              T=float
          ]
C:\Users\milena\source\repos\minesweeper\minesweeper.cpp(308,36): warning C4244: 'argument': conversion from 'T' to 'T', possible loss of data
          with
          [
              T=int
          ]
          and
          [
              T=float
          ]
C:\Users\milena\source\repos\minesweeper\minesweeper.cpp(326,76): warning C4244: 'argument': conversion from 'T' to 'T', possible loss of data
          with
          [
              T=int
          ]
          and
          [
              T=float
          ]
C:\Users\milena\source\repos\minesweeper\minesweeper.cpp(326,63): warning C4244: 'argument': conversion from 'T' to 'T', possible loss of data
          with
          [
              T=int
          ]
          and
          [
              T=float
          ]
  minesweeper.vcxproj -> C:\Users\milena\source\repos\minesweeper\Debug\minesweeper.exe
